{"total": {"lines":{"total":25,"covered":22,"skipped":0,"pct":88},"statements":{"total":25,"covered":22,"skipped":0,"pct":88},"functions":{"total":11,"covered":9,"skipped":0,"pct":81.82},"branches":{"total":2,"covered":1,"skipped":0,"pct":50}}
,"C:\\Users\\Shay-PC\\Desktop\\wp-tdt\\cli\\models\\file-tools.js": {"lines":{"total":7,"covered":5,"skipped":0,"pct":71.43},"functions":{"total":3,"covered":1,"skipped":0,"pct":33.33},"statements":{"total":7,"covered":5,"skipped":0,"pct":71.43},"branches":{"total":0,"covered":0,"skipped":0,"pct":100}}
,"C:\\Users\\Shay-PC\\Desktop\\wp-tdt\\cli\\models\\generic-tools.js": {"lines":{"total":16,"covered":15,"skipped":0,"pct":93.75},"functions":{"total":7,"covered":7,"skipped":0,"pct":100},"statements":{"total":16,"covered":15,"skipped":0,"pct":93.75},"branches":{"total":2,"covered":1,"skipped":0,"pct":50}}
,"C:\\Users\\Shay-PC\\Desktop\\wp-tdt\\cli\\models\\json-string-tools.js": {"lines":{"total":2,"covered":2,"skipped":0,"pct":100},"functions":{"total":1,"covered":1,"skipped":0,"pct":100},"statements":{"total":2,"covered":2,"skipped":0,"pct":100},"branches":{"total":0,"covered":0,"skipped":0,"pct":100}}
}
