TN:
SF:cli\models\file-tools.js
FN:3,(anonymous_0)
FN:7,(anonymous_1)
FN:11,(anonymous_2)
FNF:3
FNH:1
FNDA:0,(anonymous_0)
FNDA:1,(anonymous_1)
FNDA:0,(anonymous_2)
DA:1,1
DA:3,1
DA:4,0
DA:7,1
DA:8,1
DA:11,1
DA:12,0
LF:7
LH:5
BRF:0
BRH:0
end_of_record
TN:
SF:cli\models\generic-tools.js
FN:1,(anonymous_0)
FN:14,(anonymous_1)
FN:21,(anonymous_2)
FN:28,(anonymous_3)
FN:35,(anonymous_4)
FN:42,removeNonWord
FN:49,replaceAccents
FNF:7
FNH:7
FNDA:3,(anonymous_0)
FNDA:1,(anonymous_1)
FNDA:1,(anonymous_2)
FNDA:1,(anonymous_3)
FNDA:10,(anonymous_4)
FNDA:3,removeNonWord
FNDA:3,replaceAccents
DA:1,1
DA:2,3
DA:3,3
DA:8,3
DA:14,1
DA:15,1
DA:21,1
DA:22,1
DA:28,1
DA:29,1
DA:35,1
DA:36,10
DA:43,3
DA:51,3
DA:52,0
DA:76,3
LF:16
LH:15
BRDA:51,0,0,0
BRDA:51,0,1,3
BRF:2
BRH:1
end_of_record
TN:
SF:cli\models\json-string-tools.js
FN:1,(anonymous_0)
FNF:1
FNH:1
FNDA:1,(anonymous_0)
DA:1,1
DA:2,1
LF:2
LH:2
BRF:0
BRH:0
end_of_record
